23:03:12: Creating resource group General
23:03:12: Creating resource group Internal
23:03:12: Creating resource group Autodetect
23:03:12: SceneManagerFactory for type 'DefaultSceneManager' registered.
23:03:12: Registering ResourceManager for type Material
23:03:12: Registering ResourceManager for type Mesh
23:03:12: Registering ResourceManager for type Skeleton
23:03:12: MovableObjectFactory for type 'ParticleSystem' registered.
23:03:12: OverlayElementFactory for type Panel registered.
23:03:12: OverlayElementFactory for type BorderPanel registered.
23:03:12: OverlayElementFactory for type TextArea registered.
23:03:12: Registering ResourceManager for type Font
23:03:12: ArchiveFactory for archive type FileSystem registered.
23:03:12: ArchiveFactory for archive type Zip registered.
23:03:12: ArchiveFactory for archive type EmbeddedZip registered.
23:03:12: DDS codec registering
23:03:12: FreeImage version: 3.15.1
23:03:12: This program uses FreeImage, a free, open source image library supporting all common bitmap formats. See http://freeimage.sourceforge.net for details
23:03:12: Supported formats: bmp,ico,jpg,jif,jpeg,jpe,jng,koa,iff,lbm,mng,pbm,pbm,pcd,pcx,pgm,pgm,png,ppm,ppm,ras,tga,targa,tif,tiff,wap,wbmp,wbm,psd,cut,xbm,xpm,gif,hdr,g3,sgi,exr,j2k,j2c,jp2,pfm,pct,pict,pic,3fr,arw,bay,bmq,cap,cine,cr2,crw,cs1,dc2,dcr,drf,dsc,dng,erf,fff,ia,iiq,k25,kc2,kdc,mdc,mef,mos,mrw,nef,nrw,orf,pef,ptx,pxn,qtk,raf,raw,rdc,rw2,rwl,rwz,sr2,srf,sti
23:03:12: Registering ResourceManager for type HighLevelGpuProgram
23:03:12: Registering ResourceManager for type Compositor
23:03:12: MovableObjectFactory for type 'Entity' registered.
23:03:12: MovableObjectFactory for type 'Light' registered.
23:03:12: MovableObjectFactory for type 'BillboardSet' registered.
23:03:12: MovableObjectFactory for type 'ManualObject' registered.
23:03:12: MovableObjectFactory for type 'BillboardChain' registered.
23:03:12: MovableObjectFactory for type 'RibbonTrail' registered.
23:03:12: Loading library /usr/local/lib/OGRE/RenderSystem_GL
23:03:12: Installing plugin: GL RenderSystem
23:03:12: OpenGL Rendering Subsystem created.
23:03:12: Plugin successfully installed
23:03:12: Loading library /usr/local/lib/OGRE/Plugin_ParticleFX
23:03:12: Installing plugin: ParticleFX
23:03:12: Particle Emitter Type 'Point' registered
23:03:12: Particle Emitter Type 'Box' registered
23:03:12: Particle Emitter Type 'Ellipsoid' registered
23:03:12: Particle Emitter Type 'Cylinder' registered
23:03:12: Particle Emitter Type 'Ring' registered
23:03:12: Particle Emitter Type 'HollowEllipsoid' registered
23:03:12: Particle Affector Type 'LinearForce' registered
23:03:12: Particle Affector Type 'ColourFader' registered
23:03:12: Particle Affector Type 'ColourFader2' registered
23:03:12: Particle Affector Type 'ColourImage' registered
23:03:12: Particle Affector Type 'ColourInterpolator' registered
23:03:12: Particle Affector Type 'Scaler' registered
23:03:12: Particle Affector Type 'Rotator' registered
23:03:12: Particle Affector Type 'DirectionRandomiser' registered
23:03:12: Particle Affector Type 'DeflectorPlane' registered
23:03:12: Plugin successfully installed
23:03:12: Loading library /usr/local/lib/OGRE/Plugin_BSPSceneManager
23:03:12: Installing plugin: BSP Scene Manager
23:03:12: Plugin successfully installed
23:03:12: Loading library /usr/local/lib/OGRE/Plugin_CgProgramManager
23:03:12: Installing plugin: Cg Program Manager
23:03:12: Plugin successfully installed
23:03:12: Loading library /usr/local/lib/OGRE/Plugin_PCZSceneManager
23:03:12: Installing plugin: Portal Connected Zone Scene Manager
23:03:12: PCZone Factory Type 'ZoneType_Default' registered
23:03:12: Plugin successfully installed
23:03:12: Loading library /usr/local/lib/OGRE/Plugin_OctreeZone
23:03:12: Installing plugin: Octree Zone Factory
23:03:12: Plugin successfully installed
23:03:12: Loading library /usr/local/lib/OGRE/Plugin_OctreeSceneManager
23:03:12: Installing plugin: Octree Scene Manager
23:03:12: Plugin successfully installed
23:03:12: *-*-* OGRE Initialising
23:03:12: *-*-* Version 1.8.1 (Byatis)
23:03:12: Creating resource group Essential
23:03:12: Added resource location '../media/packs/SdkTrays.zip' of type 'Zip' to resource group 'Essential'
23:03:12: Added resource location '../media' of type 'FileSystem' to resource group 'General'
23:03:12: Added resource location '../media/materials/scripts' of type 'FileSystem' to resource group 'General'
23:03:12: Added resource location '../media/materials/textures' of type 'FileSystem' to resource group 'General'
23:03:12: Added resource location '../media/models' of type 'FileSystem' to resource group 'General'
23:03:16: CPU Identifier & Features
23:03:16: -------------------------
23:03:16:  *   CPU ID: GenuineIntel: Intel(R) Core(TM) i5-3210M CPU @ 2.50GHz
23:03:16:  *      SSE: yes
23:03:16:  *     SSE2: yes
23:03:16:  *     SSE3: yes
23:03:16:  *      MMX: yes
23:03:16:  *   MMXEXT: yes
23:03:16:  *    3DNOW: no
23:03:16:  * 3DNOWEXT: no
23:03:16:  *     CMOV: yes
23:03:16:  *      TSC: yes
23:03:16:  *      FPU: yes
23:03:16:  *      PRO: yes
23:03:16:  *       HT: no
23:03:16: -------------------------
23:03:16: ******************************
*** Starting GLX Subsystem ***
******************************
23:03:16: Registering ResourceManager for type Texture
23:03:16: GLRenderSystem::_createRenderWindow "OGRE Render Window", 1600x900 fullscreen  miscParams: FSAA=0 displayFrequency=60 Hz gamma=No vsync=No 
23:03:16: GLXWindow::create used FBConfigID = 115
23:03:16: GL_VERSION = 3.0 Mesa 9.0.3
23:03:16: GL_VENDOR = Intel Open Source Technology Center
23:03:16: GL_RENDERER = Mesa DRI Intel(R) Ivybridge Mobile 
23:03:16: GL_EXTENSIONS = GL_ARB_multisample GL_EXT_abgr GL_EXT_bgra GL_EXT_blend_color GL_EXT_blend_minmax GL_EXT_blend_subtract GL_EXT_copy_texture GL_EXT_polygon_offset GL_EXT_subtexture GL_EXT_texture_object GL_EXT_vertex_array GL_EXT_compiled_vertex_array GL_EXT_texture GL_EXT_texture3D GL_IBM_rasterpos_clip GL_ARB_point_parameters GL_EXT_draw_range_elements GL_EXT_packed_pixels GL_EXT_point_parameters GL_EXT_rescale_normal GL_EXT_separate_specular_color GL_EXT_texture_edge_clamp GL_SGIS_generate_mipmap GL_SGIS_texture_border_clamp GL_SGIS_texture_edge_clamp GL_SGIS_texture_lod GL_ARB_framebuffer_sRGB GL_ARB_multitexture GL_EXT_framebuffer_sRGB GL_IBM_multimode_draw_arrays GL_IBM_texture_mirrored_repeat GL_3DFX_texture_compression_FXT1 GL_ARB_texture_cube_map GL_ARB_texture_env_add GL_ARB_transpose_matrix GL_EXT_blend_func_separate GL_EXT_fog_coord GL_EXT_multi_draw_arrays GL_EXT_secondary_color GL_EXT_texture_env_add GL_EXT_texture_filter_anisotropic GL_EXT_texture_lod_bias GL_INGR_blend_func_separate GL_NV_blend_square GL_NV_light_max_exponent GL_NV_texgen_reflection GL_NV_texture_env_combine4 GL_SUN_multi_draw_arrays GL_ARB_texture_border_clamp GL_ARB_texture_compression GL_EXT_framebuffer_object GL_EXT_texture_env_combine GL_EXT_texture_env_dot3 GL_MESA_window_pos GL_NV_packed_depth_stencil GL_NV_texture_rectangle GL_NV_vertex_program GL_ARB_depth_texture GL_ARB_occlusion_query GL_ARB_shadow GL_ARB_texture_env_combine GL_ARB_texture_env_crossbar GL_ARB_texture_env_dot3 GL_ARB_texture_mirrored_repeat GL_ARB_window_pos GL_ATI_envmap_bumpmap GL_EXT_stencil_two_side GL_EXT_texture_cube_map GL_NV_depth_clamp GL_NV_vertex_program1_1 GL_APPLE_packed_pixels GL_APPLE_vertex_array_object GL_ARB_draw_buffers GL_ARB_fragment_program GL_ARB_fragment_shader GL_ARB_shader_objects GL_ARB_vertex_program GL_ARB_vertex_shader GL_ATI_draw_buffers GL_ATI_texture_env_combine3 GL_ATI_texture_float GL_EXT_shadow_funcs GL_EXT_stencil_wrap GL_MESA_pack_invert GL_MESA_ycbcr_texture GL_NV_primitive_restart GL_ARB_depth_clamp GL_ARB_fragment_program_shadow GL_ARB_half_float_pixel GL_ARB_occlusion_query2 GL_ARB_point_sprite GL_ARB_shading_language_100 GL_ARB_sync GL_ARB_texture_non_power_of_two GL_ARB_vertex_buffer_object GL_ATI_blend_equation_separate GL_EXT_blend_equation_separate GL_OES_read_format GL_ARB_color_buffer_float GL_ARB_pixel_buffer_object GL_ARB_texture_compression_rgtc GL_ARB_texture_float GL_ARB_texture_rectangle GL_EXT_packed_float GL_EXT_pixel_buffer_object GL_EXT_texture_compression_rgtc GL_EXT_texture_rectangle GL_EXT_texture_sRGB GL_EXT_texture_shared_exponent GL_ARB_framebuffer_object GL_EXT_framebuffer_blit GL_EXT_framebuffer_multisample GL_EXT_packed_depth_stencil GL_APPLE_object_purgeable GL_ARB_vertex_array_object GL_ATI_separate_stencil GL_EXT_draw_buffers2 GL_EXT_draw_instanced GL_EXT_gpu_program_parameters GL_EXT_texture_array GL_EXT_texture_integer GL_EXT_texture_sRGB_decode GL_EXT_timer_query GL_OES_EGL_image GL_MESA_texture_array GL_ARB_copy_buffer GL_ARB_depth_buffer_float GL_ARB_draw_instanced GL_ARB_half_float_vertex GL_ARB_instanced_arrays GL_ARB_map_buffer_range GL_ARB_texture_rg GL_ARB_texture_swizzle GL_ARB_vertex_array_bgra GL_EXT_separate_shader_objects GL_EXT_texture_swizzle GL_EXT_vertex_array_bgra GL_NV_conditional_render GL_AMD_draw_buffers_blend GL_ARB_ES2_compatibility GL_ARB_blend_func_extended GL_ARB_debug_output GL_ARB_draw_buffers_blend GL_ARB_draw_elements_base_vertex GL_ARB_explicit_attrib_location GL_ARB_fragment_coord_conventions GL_ARB_provoking_vertex GL_ARB_sampler_objects GL_ARB_seamless_cube_map GL_ARB_shader_texture_lod GL_ARB_texture_rgb10_a2ui GL_ARB_uniform_buffer_object GL_EXT_provoking_vertex GL_EXT_texture_snorm GL_MESA_texture_signed_rgba GL_ARB_robustness GL_ARB_shader_bit_encoding GL_ARB_texture_storage GL_EXT_transform_feedback GL_ARB_invalidate_subdata 
23:03:16: Supported GLX extensions: GLX_ARB_create_context GLX_ARB_create_context_profile GLX_ARB_get_proc_address GLX_ARB_multisample GLX_EXT_import_context GLX_EXT_visual_info GLX_EXT_visual_rating GLX_EXT_create_context_es2_profile GLX_MESA_copy_sub_buffer GLX_MESA_multithread_makecurrent GLX_MESA_swap_control GLX_OML_swap_method GLX_OML_sync_control GLX_SGI_make_current_read GLX_SGI_swap_control GLX_SGI_video_sync GLX_SGIS_multisample GLX_SGIX_fbconfig GLX_SGIX_pbuffer GLX_SGIX_visual_select_group GLX_EXT_texture_from_pixmap GLX_INTEL_swap_event 
23:03:16: ***************************
23:03:16: *** GL Renderer Started ***
23:03:16: ***************************
23:03:16: Registering ResourceManager for type GpuProgram
23:03:16: GLSL support detected
23:03:16: GL: Using GL_EXT_framebuffer_object for rendering to textures (best)
23:03:16: FBO PF_UNKNOWN depth/stencil support: D0S1 D0S4 D0S8 D0S16 D16S0 D16S1 D16S4 D16S8 D16S16 D24S0 D24S1 D24S4 D24S8 D24S16 D32S0 D32S1 D32S4 D32S8 D32S16 Packed-D24S8 
23:03:16: FBO PF_A8 depth/stencil support: D0S0 D0S1 D0S4 D0S8 D0S16 D16S0 D16S1 D16S4 D16S8 D16S16 D24S0 D24S1 D24S4 D24S8 D24S16 D32S0 D32S1 D32S4 D32S8 D32S16 Packed-D24S8 
23:03:16: FBO PF_R5G6B5 depth/stencil support: D0S0 D0S1 D0S4 D0S8 D0S16 D16S0 D16S1 D16S4 D16S8 D16S16 D24S0 D24S1 D24S4 D24S8 D24S16 D32S0 D32S1 D32S4 D32S8 D32S16 Packed-D24S8 
23:03:16: FBO PF_B5G6R5 depth/stencil support: D0S0 D0S1 D0S4 D0S8 D0S16 D16S0 D16S1 D16S4 D16S8 D16S16 D24S0 D24S1 D24S4 D24S8 D24S16 D32S0 D32S1 D32S4 D32S8 D32S16 Packed-D24S8 
23:03:16: FBO PF_A4R4G4B4 depth/stencil support: D0S0 D0S1 D0S4 D0S8 D0S16 D16S0 D16S1 D16S4 D16S8 D16S16 D24S0 D24S1 D24S4 D24S8 D24S16 D32S0 D32S1 D32S4 D32S8 D32S16 Packed-D24S8 
23:03:16: FBO PF_A1R5G5B5 depth/stencil support: D0S0 D0S1 D0S4 D0S8 D0S16 D16S0 D16S1 D16S4 D16S8 D16S16 D24S0 D24S1 D24S4 D24S8 D24S16 D32S0 D32S1 D32S4 D32S8 D32S16 Packed-D24S8 
23:03:16: FBO PF_R8G8B8 depth/stencil support: D0S0 D0S1 D0S4 D0S8 D0S16 D16S0 D16S1 D16S4 D16S8 D16S16 D24S0 D24S1 D24S4 D24S8 D24S16 D32S0 D32S1 D32S4 D32S8 D32S16 Packed-D24S8 
23:03:16: FBO PF_B8G8R8 depth/stencil support: D0S0 D0S1 D0S4 D0S8 D0S16 D16S0 D16S1 D16S4 D16S8 D16S16 D24S0 D24S1 D24S4 D24S8 D24S16 D32S0 D32S1 D32S4 D32S8 D32S16 Packed-D24S8 
23:03:16: FBO PF_A8R8G8B8 depth/stencil support: D0S0 D0S1 D0S4 D0S8 D0S16 D16S0 D16S1 D16S4 D16S8 D16S16 D24S0 D24S1 D24S4 D24S8 D24S16 D32S0 D32S1 D32S4 D32S8 D32S16 Packed-D24S8 
23:03:16: FBO PF_B8G8R8A8 depth/stencil support: D0S0 D0S1 D0S4 D0S8 D0S16 D16S0 D16S1 D16S4 D16S8 D16S16 D24S0 D24S1 D24S4 D24S8 D24S16 D32S0 D32S1 D32S4 D32S8 D32S16 Packed-D24S8 
23:03:16: FBO PF_A2R10G10B10 depth/stencil support: D0S0 D0S1 D0S4 D0S8 D0S16 D16S0 D16S1 D16S4 D16S8 D16S16 D24S0 D24S1 D24S4 D24S8 D24S16 D32S0 D32S1 D32S4 D32S8 D32S16 Packed-D24S8 
23:03:16: FBO PF_A2B10G10R10 depth/stencil support: D0S0 D0S1 D0S4 D0S8 D0S16 D16S0 D16S1 D16S4 D16S8 D16S16 D24S0 D24S1 D24S4 D24S8 D24S16 D32S0 D32S1 D32S4 D32S8 D32S16 Packed-D24S8 
23:03:16: FBO PF_FLOAT16_RGB depth/stencil support: D0S0 D0S1 D0S4 D0S8 D0S16 D16S0 D16S1 D16S4 D16S8 D16S16 D24S0 D24S1 D24S4 D24S8 D24S16 D32S0 D32S1 D32S4 D32S8 D32S16 Packed-D24S8 
23:03:16: FBO PF_FLOAT16_RGBA depth/stencil support: D0S0 D0S1 D0S4 D0S8 D0S16 D16S0 D16S1 D16S4 D16S8 D16S16 D24S0 D24S1 D24S4 D24S8 D24S16 D32S0 D32S1 D32S4 D32S8 D32S16 Packed-D24S8 
23:03:16: FBO PF_FLOAT32_RGB depth/stencil support: D0S0 D0S1 D0S4 D0S8 D0S16 D16S0 D16S1 D16S4 D16S8 D16S16 D24S0 D24S1 D24S4 D24S8 D24S16 D32S0 D32S1 D32S4 D32S8 D32S16 Packed-D24S8 
23:03:16: FBO PF_FLOAT32_RGBA depth/stencil support: D0S0 D0S1 D0S4 D0S8 D0S16 D16S0 D16S1 D16S4 D16S8 D16S16 D24S0 D24S1 D24S4 D24S8 D24S16 D32S0 D32S1 D32S4 D32S8 D32S16 Packed-D24S8 
23:03:16: FBO PF_X8R8G8B8 depth/stencil support: D0S0 D0S1 D0S4 D0S8 D0S16 D16S0 D16S1 D16S4 D16S8 D16S16 D24S0 D24S1 D24S4 D24S8 D24S16 D32S0 D32S1 D32S4 D32S8 D32S16 Packed-D24S8 
23:03:16: FBO PF_X8B8G8R8 depth/stencil support: D0S0 D0S1 D0S4 D0S8 D0S16 D16S0 D16S1 D16S4 D16S8 D16S16 D24S0 D24S1 D24S4 D24S8 D24S16 D32S0 D32S1 D32S4 D32S8 D32S16 Packed-D24S8 
23:03:16: FBO PF_SHORT_RGBA depth/stencil support: D0S0 D0S1 D0S4 D0S8 D0S16 D16S0 D16S1 D16S4 D16S8 D16S16 D24S0 D24S1 D24S4 D24S8 D24S16 D32S0 D32S1 D32S4 D32S8 D32S16 Packed-D24S8 
23:03:16: FBO PF_R3G3B2 depth/stencil support: D0S0 D0S1 D0S4 D0S8 D0S16 D16S0 D16S1 D16S4 D16S8 D16S16 D24S0 D24S1 D24S4 D24S8 D24S16 D32S0 D32S1 D32S4 D32S8 D32S16 Packed-D24S8 
23:03:16: FBO PF_FLOAT16_R depth/stencil support: D0S0 D0S1 D0S4 D0S8 D0S16 D16S0 D16S1 D16S4 D16S8 D16S16 D24S0 D24S1 D24S4 D24S8 D24S16 D32S0 D32S1 D32S4 D32S8 D32S16 Packed-D24S8 
23:03:16: FBO PF_FLOAT32_R depth/stencil support: D0S0 D0S1 D0S4 D0S8 D0S16 D16S0 D16S1 D16S4 D16S8 D16S16 D24S0 D24S1 D24S4 D24S8 D24S16 D32S0 D32S1 D32S4 D32S8 D32S16 Packed-D24S8 
23:03:16: FBO PF_SHORT_RGB depth/stencil support: D0S0 D0S1 D0S4 D0S8 D0S16 D16S0 D16S1 D16S4 D16S8 D16S16 D24S0 D24S1 D24S4 D24S8 D24S16 D32S0 D32S1 D32S4 D32S8 D32S16 Packed-D24S8 
23:03:16: [GL] : Valid FBO targets PF_UNKNOWN PF_A8 PF_R5G6B5 PF_B5G6R5 PF_A4R4G4B4 PF_A1R5G5B5 PF_R8G8B8 PF_B8G8R8 PF_A8R8G8B8 PF_B8G8R8A8 PF_A2R10G10B10 PF_A2B10G10R10 PF_FLOAT16_RGB PF_FLOAT16_RGBA PF_FLOAT32_RGB PF_FLOAT32_RGBA PF_X8R8G8B8 PF_X8B8G8R8 PF_SHORT_RGBA PF_R3G3B2 PF_FLOAT16_R PF_FLOAT32_R PF_SHORT_RGB 
23:03:16: RenderSystem capabilities
23:03:16: -------------------------
23:03:16: RenderSystem Name: OpenGL Rendering Subsystem
23:03:16: GPU Vendor: intel
23:03:16: Device Name: Mesa DRI Intel(R) Ivybridge Mobile 
23:03:16: Driver Version: 3.0.0.0
23:03:16:  * Fixed function pipeline: yes
23:03:16:  * Hardware generation of mipmaps: no
23:03:16:  * Texture blending: yes
23:03:16:  * Anisotropic texture filtering: yes
23:03:16:  * Dot product texture operation: yes
23:03:16:  * Cube mapping: yes
23:03:16:  * Hardware stencil buffer: yes
23:03:16:    - Stencil depth: 8
23:03:16:    - Two sided stencil support: yes
23:03:16:    - Wrap stencil values: yes
23:03:16:  * Hardware vertex / index buffers: yes
23:03:16:  * Vertex programs: yes
23:03:16:  * Number of floating-point constants for vertex programs: 4096
23:03:16:  * Number of integer constants for vertex programs: 0
23:03:16:  * Number of boolean constants for vertex programs: 0
23:03:16:  * Fragment programs: yes
23:03:16:  * Number of floating-point constants for fragment programs: 4096
23:03:16:  * Number of integer constants for fragment programs: 0
23:03:16:  * Number of boolean constants for fragment programs: 0
23:03:16:  * Geometry programs: no
23:03:16:  * Number of floating-point constants for geometry programs: 0
23:03:16:  * Number of integer constants for geometry programs: 0
23:03:16:  * Number of boolean constants for geometry programs: 0
23:03:16:  * Supported Shader Profiles: arbfp1 arbvp1 glsl
23:03:16:  * Texture Compression: yes
23:03:16:    - DXT: no
23:03:16:    - VTC: no
23:03:16:    - PVRTC: no
23:03:16:  * Scissor Rectangle: yes
23:03:16:  * Hardware Occlusion Query: yes
23:03:16:  * User clip planes: yes
23:03:16:  * VET_UBYTE4 vertex element type: yes
23:03:16:  * Infinite far plane projection: yes
23:03:16:  * Hardware render-to-texture: yes
23:03:16:  * Floating point textures: yes
23:03:16:  * Non-power-of-two textures: yes
23:03:16:  * Volume textures: yes
23:03:16:  * Multiple Render Targets: 8
23:03:16:    - With different bit depths: yes
23:03:16:  * Point Sprites: yes
23:03:16:  * Extended point parameters: yes
23:03:16:  * Max Point Size: 255
23:03:16:  * Vertex texture fetch: yes
23:03:16:  * Number of world matrices: 0
23:03:16:  * Number of texture units: 16
23:03:16:  * Stencil buffer depth: 8
23:03:16:  * Number of vertex blend matrices: 0
23:03:16:    - Max vertex textures: 16
23:03:16:    - Vertex textures shared: yes
23:03:16:  * Render to Vertex Buffer : no
23:03:16:  * GL 1.5 without VBO workaround: no
23:03:16:  * Frame Buffer objects: yes
23:03:16:  * Frame Buffer objects (ARB extension): no
23:03:16:  * Frame Buffer objects (ATI extension): no
23:03:16:  * PBuffer support: yes
23:03:16:  * GL 1.5 without HW-occlusion workaround: no
23:03:16:  * Separate shader objects: no
23:03:16: DefaultWorkQueue('Root') initialising on thread 0x2393160.
23:03:16: DefaultWorkQueue('Root')::WorkerFunc - thread 0x23efa60 starting.
23:03:16: DefaultWorkQueue('Root')::WorkerFunc - thread 0x261e010 starting.
23:03:16: Particle Renderer Type 'billboard' registered
23:03:16: SceneManagerFactory for type 'BspSceneManager' registered.
23:03:16: Registering ResourceManager for type BspLevel
23:03:16: DefaultWorkQueue('Root')::WorkerFunc - thread 0x2620de0 starting.
23:03:16: DefaultWorkQueue('Root')::WorkerFunc - thread 0x25fcba0 starting.
23:03:16: SceneManagerFactory for type 'PCZSceneManager' registered.
23:03:16: MovableObjectFactory for type 'PCZLight' registered.
23:03:16: MovableObjectFactory for type 'Portal' registered.
23:03:16: MovableObjectFactory for type 'AntiPortal' registered.
23:03:16: PCZone Factory Type 'ZoneType_Octree' registered
23:03:16: SceneManagerFactory for type 'OctreeSceneManager' registered.
23:03:16: Parsing scripts for resource group Autodetect
23:03:16: Finished parsing scripts for resource group Autodetect
23:03:16: Creating resources for group Autodetect
23:03:16: All done
23:03:16: Parsing scripts for resource group Essential
23:03:16: Parsing script SdkTrays.material
23:03:16: Parsing script SdkTrays.fontdef
23:03:16: Parsing script SdkTrays.overlay
23:03:16: Bad element attribute line: '# you can offset the image to change the cursor "hotspot"' for element SdkTrays/Cursor in overlay 
23:03:16: Texture: sdk_cursor.png: Loading 1 faces(PF_A8R8G8B8,32x32x1) with 5 generated mipmaps from Image. Internal format is PF_A8R8G8B8,32x32x1.
23:03:16: Texture: sdk_tray.png: Loading 1 faces(PF_A8R8G8B8,64x64x1) with 5 generated mipmaps from Image. Internal format is PF_A8R8G8B8,64x64x1.
23:03:16: Texture: sdk_button_up.png: Loading 1 faces(PF_A8R8G8B8,128x32x1) with 5 generated mipmaps from Image. Internal format is PF_A8R8G8B8,128x32x1.
23:03:16: Texture: sdk_text_box.png: Loading 1 faces(PF_A8R8G8B8,32x32x1) with 5 generated mipmaps from Image. Internal format is PF_A8R8G8B8,32x32x1.
23:03:16: Texture: sdk_mini_tray.png: Loading 1 faces(PF_A8R8G8B8,32x32x1) with 5 generated mipmaps from Image. Internal format is PF_A8R8G8B8,32x32x1.
23:03:16: Texture: sdk_track.png: Loading 1 faces(PF_A8R8G8B8,16x32x1) with 5 generated mipmaps from Image. Internal format is PF_A8R8G8B8,16x32x1.
23:03:16: Texture: sdk_handle.png: Loading 1 faces(PF_A8R8G8B8,16x16x1) with 4 generated mipmaps from Image. Internal format is PF_A8R8G8B8,16x16x1.
23:03:16: Texture: sdk_mini_text_box.png: Loading 1 faces(PF_A8R8G8B8,32x32x1) with 5 generated mipmaps from Image. Internal format is PF_A8R8G8B8,32x32x1.
23:03:16: Texture: sdk_label.png: Loading 1 faces(PF_A8R8G8B8,32x32x1) with 5 generated mipmaps from Image. Internal format is PF_A8R8G8B8,32x32x1.
23:03:16: Texture: sdk_separator.png: Loading 1 faces(PF_A8R8G8B8,64x16x1) with 5 generated mipmaps from Image. Internal format is PF_A8R8G8B8,64x16x1.
23:03:16: Texture: sdk_logo.png: Loading 1 faces(PF_A8R8G8B8,128x64x1) with 5 generated mipmaps from Image. Internal format is PF_A8R8G8B8,128x64x1.
23:03:16: Texture: sdk_shade.png: Loading 1 faces(PF_A8R8G8B8,64x48x1) with 5 generated mipmaps from Image. Internal format is PF_A8R8G8B8,64x48x1.
23:03:16: Texture: sdk_frame.png: Loading 1 faces(PF_A8R8G8B8,32x32x1) with 5 generated mipmaps from Image. Internal format is PF_A8R8G8B8,32x32x1.
23:03:16: Texture: sdk_mini_text_box_over.png: Loading 1 faces(PF_A8R8G8B8,32x32x1) with 5 generated mipmaps from Image. Internal format is PF_A8R8G8B8,32x32x1.
23:03:16: Texture: sdk_pulse.png: Loading 1 faces(PF_R8G8B8,8x1x1) with 3 generated mipmaps from Image. Internal format is PF_X8R8G8B8,8x1x1.
23:03:16: Finished parsing scripts for resource group Essential
23:03:16: Creating resources for group Essential
23:03:16: All done
23:03:16: Parsing scripts for resource group General
23:03:16: Parsing script Ogre.material
23:03:16: Finished parsing scripts for resource group General
23:03:16: Creating resources for group General
23:03:16: All done
23:03:16: Parsing scripts for resource group Internal
23:03:16: Finished parsing scripts for resource group Internal
23:03:16: Creating resources for group Internal
23:03:16: All done
23:03:16: Mesh: Loading ogrehead.mesh.
23:03:16: WARNING: ogrehead.mesh is an older format ([MeshSerializer_v1.41]); you should upgrade it as soon as possible using the OgreMeshUpgrade tool.
23:03:16: Texture: GreenSkin.jpg: Loading 1 faces(PF_R8G8B8,256x256x1) with 5 generated mipmaps from Image. Internal format is PF_X8R8G8B8,256x256x1.
23:03:16: Texture: spheremap.png: Loading 1 faces(PF_R8G8B8,256x256x1) with 5 generated mipmaps from Image. Internal format is PF_X8R8G8B8,256x256x1.
23:03:16: Texture: tusk.jpg: Loading 1 faces(PF_R8G8B8,96x96x1) with 5 generated mipmaps from Image. Internal format is PF_X8R8G8B8,96x96x1.
23:03:16: *** Initializing OIS ***
23:03:16: OGRE EXCEPTION(5:ItemIdentityException): OverlayElement with name Core/AverageFps not found. in OverlayManager::getOverlayElementImpl at /home/hominlinx/code/cpp/ogre/ogre_src_v1-8-1/OgreMain/src/OgreOverlayManager.cpp (line 612)
23:03:16: OGRE EXCEPTION(5:ItemIdentityException): OverlayElement with name Core/AverageFps not found. in OverlayManager::getOverlayElementImpl at /home/hominlinx/code/cpp/ogre/ogre_src_v1-8-1/OgreMain/src/OgreOverlayManager.cpp (line 612)
23:03:16: OGRE EXCEPTION(5:ItemIdentityException): OverlayElement with name Core/AverageFps not found. in OverlayManager::getOverlayElementImpl at /home/hominlinx/code/cpp/ogre/ogre_src_v1-8-1/OgreMain/src/OgreOverlayManager.cpp (line 612)
23:03:16: OGRE EXCEPTION(5:ItemIdentityException): OverlayElement with name Core/AverageFps not found. in OverlayManager::getOverlayElementImpl at /home/hominlinx/code/cpp/ogre/ogre_src_v1-8-1/OgreMain/src/OgreOverlayManager.cpp (line 612)
23:03:16: OGRE EXCEPTION(5:ItemIdentityException): OverlayElement with name Core/AverageFps not found. in OverlayManager::getOverlayElementImpl at /home/hominlinx/code/cpp/ogre/ogre_src_v1-8-1/OgreMain/src/OgreOverlayManager.cpp (line 612)
23:03:16: OGRE EXCEPTION(5:ItemIdentityException): OverlayElement with name Core/AverageFps not found. in OverlayManager::getOverlayElementImpl at /home/hominlinx/code/cpp/ogre/ogre_src_v1-8-1/OgreMain/src/OgreOverlayManager.cpp (line 612)
23:03:16: OGRE EXCEPTION(5:ItemIdentityException): OverlayElement with name Core/AverageFps not found. in OverlayManager::getOverlayElementImpl at /home/hominlinx/code/cpp/ogre/ogre_src_v1-8-1/OgreMain/src/OgreOverlayManager.cpp (line 612)
23:03:16: OGRE EXCEPTION(5:ItemIdentityException): OverlayElement with name Core/AverageFps not found. in OverlayManager::getOverlayElementImpl at /home/hominlinx/code/cpp/ogre/ogre_src_v1-8-1/OgreMain/src/OgreOverlayManager.cpp (line 612)
23:03:16: OGRE EXCEPTION(5:ItemIdentityException): OverlayElement with name Core/AverageFps not found. in OverlayManager::getOverlayElementImpl at /home/hominlinx/code/cpp/ogre/ogre_src_v1-8-1/OgreMain/src/OgreOverlayManager.cpp (line 612)
23:03:16: OGRE EXCEPTION(5:ItemIdentityException): OverlayElement with name Core/AverageFps not found. in OverlayManager::getOverlayElementImpl at /home/hominlinx/code/cpp/ogre/ogre_src_v1-8-1/OgreMain/src/OgreOverlayManager.cpp (line 612)
23:03:16: OGRE EXCEPTION(5:ItemIdentityException): OverlayElement with name Core/AverageFps not found. in OverlayManager::getOverlayElementImpl at /home/hominlinx/code/cpp/ogre/ogre_src_v1-8-1/OgreMain/src/OgreOverlayManager.cpp (line 612)
23:03:16: OGRE EXCEPTION(5:ItemIdentityException): OverlayElement with name Core/AverageFps not found. in OverlayManager::getOverlayElementImpl at /home/hominlinx/code/cpp/ogre/ogre_src_v1-8-1/OgreMain/src/OgreOverlayManager.cpp (line 612)
23:03:16: OGRE EXCEPTION(5:ItemIdentityException): OverlayElement with name Core/AverageFps not found. in OverlayManager::getOverlayElementImpl at /home/hominlinx/code/cpp/ogre/ogre_src_v1-8-1/OgreMain/src/OgreOverlayManager.cpp (line 612)
23:03:16: OGRE EXCEPTION(5:ItemIdentityException): OverlayElement with name Core/AverageFps not found. in OverlayManager::getOverlayElementImpl at /home/hominlinx/code/cpp/ogre/ogre_src_v1-8-1/OgreMain/src/OgreOverlayManager.cpp (line 612)
23:03:16: OGRE EXCEPTION(5:ItemIdentityException): OverlayElement with name Core/AverageFps not found. in OverlayManager::getOverlayElementImpl at /home/hominlinx/code/cpp/ogre/ogre_src_v1-8-1/OgreMain/src/OgreOverlayManager.cpp (line 612)
23:03:16: OGRE EXCEPTION(5:ItemIdentityException): OverlayElement with name Core/AverageFps not found. in OverlayManager::getOverlayElementImpl at /home/hominlinx/code/cpp/ogre/ogre_src_v1-8-1/OgreMain/src/OgreOverlayManager.cpp (line 612)
23:03:16: OGRE EXCEPTION(5:ItemIdentityException): OverlayElement with name Core/AverageFps not found. in OverlayManager::getOverlayElementImpl at /home/hominlinx/code/cpp/ogre/ogre_src_v1-8-1/OgreMain/src/OgreOverlayManager.cpp (line 612)
23:03:16: OGRE EXCEPTION(5:ItemIdentityException): OverlayElement with name Core/AverageFps not found. in OverlayManager::getOverlayElementImpl at /home/hominlinx/code/cpp/ogre/ogre_src_v1-8-1/OgreMain/src/OgreOverlayManager.cpp (line 612)
23:03:16: OGRE EXCEPTION(5:ItemIdentityException): OverlayElement with name Core/AverageFps not found. in OverlayManager::getOverlayElementImpl at /home/hominlinx/code/cpp/ogre/ogre_src_v1-8-1/OgreMain/src/OgreOverlayManager.cpp (line 612)
23:03:16: OGRE EXCEPTION(5:ItemIdentityException): OverlayElement with name Core/AverageFps not found. in OverlayManager::getOverlayElementImpl at /home/hominlinx/code/cpp/ogre/ogre_src_v1-8-1/OgreMain/src/OgreOverlayManager.cpp (line 612)
23:03:16: OGRE EXCEPTION(5:ItemIdentityException): OverlayElement with name Core/AverageFps not found. in OverlayManager::getOverlayElementImpl at /home/hominlinx/code/cpp/ogre/ogre_src_v1-8-1/OgreMain/src/OgreOverlayManager.cpp (line 612)
23:03:16: OGRE EXCEPTION(5:ItemIdentityException): OverlayElement with name Core/AverageFps not found. in OverlayManager::getOverlayElementImpl at /home/hominlinx/code/cpp/ogre/ogre_src_v1-8-1/OgreMain/src/OgreOverlayManager.cpp (line 612)
23:03:16: OGRE EXCEPTION(5:ItemIdentityException): OverlayElement with name Core/AverageFps not found. in OverlayManager::getOverlayElementImpl at /home/hominlinx/code/cpp/ogre/ogre_src_v1-8-1/OgreMain/src/OgreOverlayManager.cpp (line 612)
23:03:16: OGRE EXCEPTION(5:ItemIdentityException): OverlayElement with name Core/AverageFps not found. in OverlayManager::getOverlayElementImpl at /home/hominlinx/code/cpp/ogre/ogre_src_v1-8-1/OgreMain/src/OgreOverlayManager.cpp (line 612)
23:03:16: OGRE EXCEPTION(5:ItemIdentityException): OverlayElement with name Core/AverageFps not found. in OverlayManager::getOverlayElementImpl at /home/hominlinx/code/cpp/ogre/ogre_src_v1-8-1/OgreMain/src/OgreOverlayManager.cpp (line 612)
23:03:16: OGRE EXCEPTION(5:ItemIdentityException): OverlayElement with name Core/AverageFps not found. in OverlayManager::getOverlayElementImpl at /home/hominlinx/code/cpp/ogre/ogre_src_v1-8-1/OgreMain/src/OgreOverlayManager.cpp (line 612)
23:03:16: OGRE EXCEPTION(5:ItemIdentityException): OverlayElement with name Core/AverageFps not found. in OverlayManager::getOverlayElementImpl at /home/hominlinx/code/cpp/ogre/ogre_src_v1-8-1/OgreMain/src/OgreOverlayManager.cpp (line 612)
23:03:16: OGRE EXCEPTION(5:ItemIdentityException): OverlayElement with name Core/AverageFps not found. in OverlayManager::getOverlayElementImpl at /home/hominlinx/code/cpp/ogre/ogre_src_v1-8-1/OgreMain/src/OgreOverlayManager.cpp (line 612)
23:03:17: OGRE EXCEPTION(5:ItemIdentityException): OverlayElement with name Core/AverageFps not found. in OverlayManager::getOverlayElementImpl at /home/hominlinx/code/cpp/ogre/ogre_src_v1-8-1/OgreMain/src/OgreOverlayManager.cpp (line 612)
23:03:17: OGRE EXCEPTION(5:ItemIdentityException): OverlayElement with name Core/AverageFps not found. in OverlayManager::getOverlayElementImpl at /home/hominlinx/code/cpp/ogre/ogre_src_v1-8-1/OgreMain/src/OgreOverlayManager.cpp (line 612)
23:03:17: OGRE EXCEPTION(5:ItemIdentityException): OverlayElement with name Core/AverageFps not found. in OverlayManager::getOverlayElementImpl at /home/hominlinx/code/cpp/ogre/ogre_src_v1-8-1/OgreMain/src/OgreOverlayManager.cpp (line 612)
23:03:17: OGRE EXCEPTION(5:ItemIdentityException): OverlayElement with name Core/AverageFps not found. in OverlayManager::getOverlayElementImpl at /home/hominlinx/code/cpp/ogre/ogre_src_v1-8-1/OgreMain/src/OgreOverlayManager.cpp (line 612)
23:03:17: OGRE EXCEPTION(5:ItemIdentityException): OverlayElement with name Core/AverageFps not found. in OverlayManager::getOverlayElementImpl at /home/hominlinx/code/cpp/ogre/ogre_src_v1-8-1/OgreMain/src/OgreOverlayManager.cpp (line 612)
23:03:17: OGRE EXCEPTION(5:ItemIdentityException): OverlayElement with name Core/AverageFps not found. in OverlayManager::getOverlayElementImpl at /home/hominlinx/code/cpp/ogre/ogre_src_v1-8-1/OgreMain/src/OgreOverlayManager.cpp (line 612)
23:03:17: OGRE EXCEPTION(5:ItemIdentityException): OverlayElement with name Core/AverageFps not found. in OverlayManager::getOverlayElementImpl at /home/hominlinx/code/cpp/ogre/ogre_src_v1-8-1/OgreMain/src/OgreOverlayManager.cpp (line 612)
23:03:17: OGRE EXCEPTION(5:ItemIdentityException): OverlayElement with name Core/AverageFps not found. in OverlayManager::getOverlayElementImpl at /home/hominlinx/code/cpp/ogre/ogre_src_v1-8-1/OgreMain/src/OgreOverlayManager.cpp (line 612)
23:03:17: OGRE EXCEPTION(5:ItemIdentityException): OverlayElement with name Core/AverageFps not found. in OverlayManager::getOverlayElementImpl at /home/hominlinx/code/cpp/ogre/ogre_src_v1-8-1/OgreMain/src/OgreOverlayManager.cpp (line 612)
23:03:17: OGRE EXCEPTION(5:ItemIdentityException): OverlayElement with name Core/AverageFps not found. in OverlayManager::getOverlayElementImpl at /home/hominlinx/code/cpp/ogre/ogre_src_v1-8-1/OgreMain/src/OgreOverlayManager.cpp (line 612)
23:03:17: OGRE EXCEPTION(5:ItemIdentityException): OverlayElement with name Core/AverageFps not found. in OverlayManager::getOverlayElementImpl at /home/hominlinx/code/cpp/ogre/ogre_src_v1-8-1/OgreMain/src/OgreOverlayManager.cpp (line 612)
23:03:17: OGRE EXCEPTION(5:ItemIdentityException): OverlayElement with name Core/AverageFps not found. in OverlayManager::getOverlayElementImpl at /home/hominlinx/code/cpp/ogre/ogre_src_v1-8-1/OgreMain/src/OgreOverlayManager.cpp (line 612)
23:03:17: OGRE EXCEPTION(5:ItemIdentityException): OverlayElement with name Core/AverageFps not found. in OverlayManager::getOverlayElementImpl at /home/hominlinx/code/cpp/ogre/ogre_src_v1-8-1/OgreMain/src/OgreOverlayManager.cpp (line 612)
23:03:17: OGRE EXCEPTION(5:ItemIdentityException): OverlayElement with name Core/AverageFps not found. in OverlayManager::getOverlayElementImpl at /home/hominlinx/code/cpp/ogre/ogre_src_v1-8-1/OgreMain/src/OgreOverlayManager.cpp (line 612)
23:03:17: OGRE EXCEPTION(5:ItemIdentityException): OverlayElement with name Core/AverageFps not found. in OverlayManager::getOverlayElementImpl at /home/hominlinx/code/cpp/ogre/ogre_src_v1-8-1/OgreMain/src/OgreOverlayManager.cpp (line 612)
23:03:17: OGRE EXCEPTION(5:ItemIdentityException): OverlayElement with name Core/AverageFps not found. in OverlayManager::getOverlayElementImpl at /home/hominlinx/code/cpp/ogre/ogre_src_v1-8-1/OgreMain/src/OgreOverlayManager.cpp (line 612)
23:03:17: OGRE EXCEPTION(5:ItemIdentityException): OverlayElement with name Core/AverageFps not found. in OverlayManager::getOverlayElementImpl at /home/hominlinx/code/cpp/ogre/ogre_src_v1-8-1/OgreMain/src/OgreOverlayManager.cpp (line 612)
23:03:17: OGRE EXCEPTION(5:ItemIdentityException): OverlayElement with name Core/AverageFps not found. in OverlayManager::getOverlayElementImpl at /home/hominlinx/code/cpp/ogre/ogre_src_v1-8-1/OgreMain/src/OgreOverlayManager.cpp (line 612)
23:03:17: OGRE EXCEPTION(5:ItemIdentityException): OverlayElement with name Core/AverageFps not found. in OverlayManager::getOverlayElementImpl at /home/hominlinx/code/cpp/ogre/ogre_src_v1-8-1/OgreMain/src/OgreOverlayManager.cpp (line 612)
23:03:17: OGRE EXCEPTION(5:ItemIdentityException): OverlayElement with name Core/AverageFps not found. in OverlayManager::getOverlayElementImpl at /home/hominlinx/code/cpp/ogre/ogre_src_v1-8-1/OgreMain/src/OgreOverlayManager.cpp (line 612)
23:03:17: OGRE EXCEPTION(5:ItemIdentityException): OverlayElement with name Core/AverageFps not found. in OverlayManager::getOverlayElementImpl at /home/hominlinx/code/cpp/ogre/ogre_src_v1-8-1/OgreMain/src/OgreOverlayManager.cpp (line 612)
23:03:17: OGRE EXCEPTION(5:ItemIdentityException): OverlayElement with name Core/AverageFps not found. in OverlayManager::getOverlayElementImpl at /home/hominlinx/code/cpp/ogre/ogre_src_v1-8-1/OgreMain/src/OgreOverlayManager.cpp (line 612)
23:03:17: OGRE EXCEPTION(5:ItemIdentityException): OverlayElement with name Core/AverageFps not found. in OverlayManager::getOverlayElementImpl at /home/hominlinx/code/cpp/ogre/ogre_src_v1-8-1/OgreMain/src/OgreOverlayManager.cpp (line 612)
23:03:17: OGRE EXCEPTION(5:ItemIdentityException): OverlayElement with name Core/AverageFps not found. in OverlayManager::getOverlayElementImpl at /home/hominlinx/code/cpp/ogre/ogre_src_v1-8-1/OgreMain/src/OgreOverlayManager.cpp (line 612)
23:03:17: OGRE EXCEPTION(5:ItemIdentityException): OverlayElement with name Core/AverageFps not found. in OverlayManager::getOverlayElementImpl at /home/hominlinx/code/cpp/ogre/ogre_src_v1-8-1/OgreMain/src/OgreOverlayManager.cpp (line 612)
23:03:17: OGRE EXCEPTION(5:ItemIdentityException): OverlayElement with name Core/AverageFps not found. in OverlayManager::getOverlayElementImpl at /home/hominlinx/code/cpp/ogre/ogre_src_v1-8-1/OgreMain/src/OgreOverlayManager.cpp (line 612)
23:03:17: OGRE EXCEPTION(5:ItemIdentityException): OverlayElement with name Core/AverageFps not found. in OverlayManager::getOverlayElementImpl at /home/hominlinx/code/cpp/ogre/ogre_src_v1-8-1/OgreMain/src/OgreOverlayManager.cpp (line 612)
23:03:17: OGRE EXCEPTION(5:ItemIdentityException): OverlayElement with name Core/AverageFps not found. in OverlayManager::getOverlayElementImpl at /home/hominlinx/code/cpp/ogre/ogre_src_v1-8-1/OgreMain/src/OgreOverlayManager.cpp (line 612)
23:03:17: OGRE EXCEPTION(5:ItemIdentityException): OverlayElement with name Core/AverageFps not found. in OverlayManager::getOverlayElementImpl at /home/hominlinx/code/cpp/ogre/ogre_src_v1-8-1/OgreMain/src/OgreOverlayManager.cpp (line 612)
23:03:17: OGRE EXCEPTION(5:ItemIdentityException): OverlayElement with name Core/AverageFps not found. in OverlayManager::getOverlayElementImpl at /home/hominlinx/code/cpp/ogre/ogre_src_v1-8-1/OgreMain/src/OgreOverlayManager.cpp (line 612)
23:03:17: OGRE EXCEPTION(5:ItemIdentityException): OverlayElement with name Core/AverageFps not found. in OverlayManager::getOverlayElementImpl at /home/hominlinx/code/cpp/ogre/ogre_src_v1-8-1/OgreMain/src/OgreOverlayManager.cpp (line 612)
23:03:17: OGRE EXCEPTION(5:ItemIdentityException): OverlayElement with name Core/AverageFps not found. in OverlayManager::getOverlayElementImpl at /home/hominlinx/code/cpp/ogre/ogre_src_v1-8-1/OgreMain/src/OgreOverlayManager.cpp (line 612)
23:03:17: OGRE EXCEPTION(5:ItemIdentityException): OverlayElement with name Core/AverageFps not found. in OverlayManager::getOverlayElementImpl at /home/hominlinx/code/cpp/ogre/ogre_src_v1-8-1/OgreMain/src/OgreOverlayManager.cpp (line 612)
23:03:17: OGRE EXCEPTION(5:ItemIdentityException): OverlayElement with name Core/AverageFps not found. in OverlayManager::getOverlayElementImpl at /home/hominlinx/code/cpp/ogre/ogre_src_v1-8-1/OgreMain/src/OgreOverlayManager.cpp (line 612)
23:03:17: OGRE EXCEPTION(5:ItemIdentityException): OverlayElement with name Core/AverageFps not found. in OverlayManager::getOverlayElementImpl at /home/hominlinx/code/cpp/ogre/ogre_src_v1-8-1/OgreMain/src/OgreOverlayManager.cpp (line 612)
23:03:17: OGRE EXCEPTION(5:ItemIdentityException): OverlayElement with name Core/AverageFps not found. in OverlayManager::getOverlayElementImpl at /home/hominlinx/code/cpp/ogre/ogre_src_v1-8-1/OgreMain/src/OgreOverlayManager.cpp (line 612)
23:03:17: OGRE EXCEPTION(5:ItemIdentityException): OverlayElement with name Core/AverageFps not found. in OverlayManager::getOverlayElementImpl at /home/hominlinx/code/cpp/ogre/ogre_src_v1-8-1/OgreMain/src/OgreOverlayManager.cpp (line 612)
23:03:17: OGRE EXCEPTION(5:ItemIdentityException): OverlayElement with name Core/AverageFps not found. in OverlayManager::getOverlayElementImpl at /home/hominlinx/code/cpp/ogre/ogre_src_v1-8-1/OgreMain/src/OgreOverlayManager.cpp (line 612)
23:03:17: OGRE EXCEPTION(5:ItemIdentityException): OverlayElement with name Core/AverageFps not found. in OverlayManager::getOverlayElementImpl at /home/hominlinx/code/cpp/ogre/ogre_src_v1-8-1/OgreMain/src/OgreOverlayManager.cpp (line 612)
23:03:17: OGRE EXCEPTION(5:ItemIdentityException): OverlayElement with name Core/AverageFps not found. in OverlayManager::getOverlayElementImpl at /home/hominlinx/code/cpp/ogre/ogre_src_v1-8-1/OgreMain/src/OgreOverlayManager.cpp (line 612)
23:03:17: OGRE EXCEPTION(5:ItemIdentityException): OverlayElement with name Core/AverageFps not found. in OverlayManager::getOverlayElementImpl at /home/hominlinx/code/cpp/ogre/ogre_src_v1-8-1/OgreMain/src/OgreOverlayManager.cpp (line 612)
23:03:17: OGRE EXCEPTION(5:ItemIdentityException): OverlayElement with name Core/AverageFps not found. in OverlayManager::getOverlayElementImpl at /home/hominlinx/code/cpp/ogre/ogre_src_v1-8-1/OgreMain/src/OgreOverlayManager.cpp (line 612)
23:03:17: OGRE EXCEPTION(5:ItemIdentityException): OverlayElement with name Core/AverageFps not found. in OverlayManager::getOverlayElementImpl at /home/hominlinx/code/cpp/ogre/ogre_src_v1-8-1/OgreMain/src/OgreOverlayManager.cpp (line 612)
23:03:17: OGRE EXCEPTION(5:ItemIdentityException): OverlayElement with name Core/AverageFps not found. in OverlayManager::getOverlayElementImpl at /home/hominlinx/code/cpp/ogre/ogre_src_v1-8-1/OgreMain/src/OgreOverlayManager.cpp (line 612)
23:03:17: OGRE EXCEPTION(5:ItemIdentityException): OverlayElement with name Core/AverageFps not found. in OverlayManager::getOverlayElementImpl at /home/hominlinx/code/cpp/ogre/ogre_src_v1-8-1/OgreMain/src/OgreOverlayManager.cpp (line 612)
23:03:17: OGRE EXCEPTION(5:ItemIdentityException): OverlayElement with name Core/AverageFps not found. in OverlayManager::getOverlayElementImpl at /home/hominlinx/code/cpp/ogre/ogre_src_v1-8-1/OgreMain/src/OgreOverlayManager.cpp (line 612)
23:03:17: OGRE EXCEPTION(5:ItemIdentityException): OverlayElement with name Core/AverageFps not found. in OverlayManager::getOverlayElementImpl at /home/hominlinx/code/cpp/ogre/ogre_src_v1-8-1/OgreMain/src/OgreOverlayManager.cpp (line 612)
23:03:17: OGRE EXCEPTION(5:ItemIdentityException): OverlayElement with name Core/AverageFps not found. in OverlayManager::getOverlayElementImpl at /home/hominlinx/code/cpp/ogre/ogre_src_v1-8-1/OgreMain/src/OgreOverlayManager.cpp (line 612)
23:03:17: OGRE EXCEPTION(5:ItemIdentityException): OverlayElement with name Core/AverageFps not found. in OverlayManager::getOverlayElementImpl at /home/hominlinx/code/cpp/ogre/ogre_src_v1-8-1/OgreMain/src/OgreOverlayManager.cpp (line 612)
23:03:17: OGRE EXCEPTION(5:ItemIdentityException): OverlayElement with name Core/AverageFps not found. in OverlayManager::getOverlayElementImpl at /home/hominlinx/code/cpp/ogre/ogre_src_v1-8-1/OgreMain/src/OgreOverlayManager.cpp (line 612)
23:03:17: OGRE EXCEPTION(5:ItemIdentityException): OverlayElement with name Core/AverageFps not found. in OverlayManager::getOverlayElementImpl at /home/hominlinx/code/cpp/ogre/ogre_src_v1-8-1/OgreMain/src/OgreOverlayManager.cpp (line 612)
23:03:17: OGRE EXCEPTION(5:ItemIdentityException): OverlayElement with name Core/AverageFps not found. in OverlayManager::getOverlayElementImpl at /home/hominlinx/code/cpp/ogre/ogre_src_v1-8-1/OgreMain/src/OgreOverlayManager.cpp (line 612)
23:03:17: OGRE EXCEPTION(5:ItemIdentityException): OverlayElement with name Core/AverageFps not found. in OverlayManager::getOverlayElementImpl at /home/hominlinx/code/cpp/ogre/ogre_src_v1-8-1/OgreMain/src/OgreOverlayManager.cpp (line 612)
23:03:17: OGRE EXCEPTION(5:ItemIdentityException): OverlayElement with name Core/AverageFps not found. in OverlayManager::getOverlayElementImpl at /home/hominlinx/code/cpp/ogre/ogre_src_v1-8-1/OgreMain/src/OgreOverlayManager.cpp (line 612)
23:03:17: OGRE EXCEPTION(5:ItemIdentityException): OverlayElement with name Core/AverageFps not found. in OverlayManager::getOverlayElementImpl at /home/hominlinx/code/cpp/ogre/ogre_src_v1-8-1/OgreMain/src/OgreOverlayManager.cpp (line 612)
23:03:17: OGRE EXCEPTION(5:ItemIdentityException): OverlayElement with name Core/AverageFps not found. in OverlayManager::getOverlayElementImpl at /home/hominlinx/code/cpp/ogre/ogre_src_v1-8-1/OgreMain/src/OgreOverlayManager.cpp (line 612)
23:03:17: OGRE EXCEPTION(5:ItemIdentityException): OverlayElement with name Core/AverageFps not found. in OverlayManager::getOverlayElementImpl at /home/hominlinx/code/cpp/ogre/ogre_src_v1-8-1/OgreMain/src/OgreOverlayManager.cpp (line 612)
23:03:17: OGRE EXCEPTION(5:ItemIdentityException): OverlayElement with name Core/AverageFps not found. in OverlayManager::getOverlayElementImpl at /home/hominlinx/code/cpp/ogre/ogre_src_v1-8-1/OgreMain/src/OgreOverlayManager.cpp (line 612)
23:03:17: OGRE EXCEPTION(5:ItemIdentityException): OverlayElement with name Core/AverageFps not found. in OverlayManager::getOverlayElementImpl at /home/hominlinx/code/cpp/ogre/ogre_src_v1-8-1/OgreMain/src/OgreOverlayManager.cpp (line 612)
23:03:17: OGRE EXCEPTION(5:ItemIdentityException): OverlayElement with name Core/AverageFps not found. in OverlayManager::getOverlayElementImpl at /home/hominlinx/code/cpp/ogre/ogre_src_v1-8-1/OgreMain/src/OgreOverlayManager.cpp (line 612)
23:03:18: OGRE EXCEPTION(5:ItemIdentityException): OverlayElement with name Core/AverageFps not found. in OverlayManager::getOverlayElementImpl at /home/hominlinx/code/cpp/ogre/ogre_src_v1-8-1/OgreMain/src/OgreOverlayManager.cpp (line 612)
23:03:18: OGRE EXCEPTION(5:ItemIdentityException): OverlayElement with name Core/AverageFps not found. in OverlayManager::getOverlayElementImpl at /home/hominlinx/code/cpp/ogre/ogre_src_v1-8-1/OgreMain/src/OgreOverlayManager.cpp (line 612)
23:03:18: OGRE EXCEPTION(5:ItemIdentityException): OverlayElement with name Core/AverageFps not found. in OverlayManager::getOverlayElementImpl at /home/hominlinx/code/cpp/ogre/ogre_src_v1-8-1/OgreMain/src/OgreOverlayManager.cpp (line 612)
23:03:18: OGRE EXCEPTION(5:ItemIdentityException): OverlayElement with name Core/AverageFps not found. in OverlayManager::getOverlayElementImpl at /home/hominlinx/code/cpp/ogre/ogre_src_v1-8-1/OgreMain/src/OgreOverlayManager.cpp (line 612)
23:03:18: OGRE EXCEPTION(5:ItemIdentityException): OverlayElement with name Core/AverageFps not found. in OverlayManager::getOverlayElementImpl at /home/hominlinx/code/cpp/ogre/ogre_src_v1-8-1/OgreMain/src/OgreOverlayManager.cpp (line 612)
23:03:18: OGRE EXCEPTION(5:ItemIdentityException): OverlayElement with name Core/AverageFps not found. in OverlayManager::getOverlayElementImpl at /home/hominlinx/code/cpp/ogre/ogre_src_v1-8-1/OgreMain/src/OgreOverlayManager.cpp (line 612)
23:03:18: OGRE EXCEPTION(5:ItemIdentityException): OverlayElement with name Core/AverageFps not found. in OverlayManager::getOverlayElementImpl at /home/hominlinx/code/cpp/ogre/ogre_src_v1-8-1/OgreMain/src/OgreOverlayManager.cpp (line 612)
23:03:18: OGRE EXCEPTION(5:ItemIdentityException): OverlayElement with name Core/AverageFps not found. in OverlayManager::getOverlayElementImpl at /home/hominlinx/code/cpp/ogre/ogre_src_v1-8-1/OgreMain/src/OgreOverlayManager.cpp (line 612)
23:03:18: OGRE EXCEPTION(5:ItemIdentityException): OverlayElement with name Core/AverageFps not found. in OverlayManager::getOverlayElementImpl at /home/hominlinx/code/cpp/ogre/ogre_src_v1-8-1/OgreMain/src/OgreOverlayManager.cpp (line 612)
23:03:18: OGRE EXCEPTION(5:ItemIdentityException): OverlayElement with name Core/AverageFps not found. in OverlayManager::getOverlayElementImpl at /home/hominlinx/code/cpp/ogre/ogre_src_v1-8-1/OgreMain/src/OgreOverlayManager.cpp (line 612)
23:03:18: OGRE EXCEPTION(5:ItemIdentityException): OverlayElement with name Core/AverageFps not found. in OverlayManager::getOverlayElementImpl at /home/hominlinx/code/cpp/ogre/ogre_src_v1-8-1/OgreMain/src/OgreOverlayManager.cpp (line 612)
23:03:18: OGRE EXCEPTION(5:ItemIdentityException): OverlayElement with name Core/AverageFps not found. in OverlayManager::getOverlayElementImpl at /home/hominlinx/code/cpp/ogre/ogre_src_v1-8-1/OgreMain/src/OgreOverlayManager.cpp (line 612)
23:03:18: OGRE EXCEPTION(5:ItemIdentityException): OverlayElement with name Core/AverageFps not found. in OverlayManager::getOverlayElementImpl at /home/hominlinx/code/cpp/ogre/ogre_src_v1-8-1/OgreMain/src/OgreOverlayManager.cpp (line 612)
23:03:18: OGRE EXCEPTION(5:ItemIdentityException): OverlayElement with name Core/AverageFps not found. in OverlayManager::getOverlayElementImpl at /home/hominlinx/code/cpp/ogre/ogre_src_v1-8-1/OgreMain/src/OgreOverlayManager.cpp (line 612)
23:03:18: OGRE EXCEPTION(5:ItemIdentityException): OverlayElement with name Core/AverageFps not found. in OverlayManager::getOverlayElementImpl at /home/hominlinx/code/cpp/ogre/ogre_src_v1-8-1/OgreMain/src/OgreOverlayManager.cpp (line 612)
23:03:18: OGRE EXCEPTION(5:ItemIdentityException): OverlayElement with name Core/AverageFps not found. in OverlayManager::getOverlayElementImpl at /home/hominlinx/code/cpp/ogre/ogre_src_v1-8-1/OgreMain/src/OgreOverlayManager.cpp (line 612)
23:03:18: OGRE EXCEPTION(5:ItemIdentityException): OverlayElement with name Core/AverageFps not found. in OverlayManager::getOverlayElementImpl at /home/hominlinx/code/cpp/ogre/ogre_src_v1-8-1/OgreMain/src/OgreOverlayManager.cpp (line 612)
23:03:18: OGRE EXCEPTION(5:ItemIdentityException): OverlayElement with name Core/AverageFps not found. in OverlayManager::getOverlayElementImpl at /home/hominlinx/code/cpp/ogre/ogre_src_v1-8-1/OgreMain/src/OgreOverlayManager.cpp (line 612)
23:03:18: OGRE EXCEPTION(5:ItemIdentityException): OverlayElement with name Core/AverageFps not found. in OverlayManager::getOverlayElementImpl at /home/hominlinx/code/cpp/ogre/ogre_src_v1-8-1/OgreMain/src/OgreOverlayManager.cpp (line 612)
23:03:18: OGRE EXCEPTION(5:ItemIdentityException): OverlayElement with name Core/AverageFps not found. in OverlayManager::getOverlayElementImpl at /home/hominlinx/code/cpp/ogre/ogre_src_v1-8-1/OgreMain/src/OgreOverlayManager.cpp (line 612)
23:03:18: OGRE EXCEPTION(5:ItemIdentityException): OverlayElement with name Core/AverageFps not found. in OverlayManager::getOverlayElementImpl at /home/hominlinx/code/cpp/ogre/ogre_src_v1-8-1/OgreMain/src/OgreOverlayManager.cpp (line 612)
23:03:18: OGRE EXCEPTION(5:ItemIdentityException): OverlayElement with name Core/AverageFps not found. in OverlayManager::getOverlayElementImpl at /home/hominlinx/code/cpp/ogre/ogre_src_v1-8-1/OgreMain/src/OgreOverlayManager.cpp (line 612)
23:03:18: OGRE EXCEPTION(5:ItemIdentityException): OverlayElement with name Core/AverageFps not found. in OverlayManager::getOverlayElementImpl at /home/hominlinx/code/cpp/ogre/ogre_src_v1-8-1/OgreMain/src/OgreOverlayManager.cpp (line 612)
23:03:18: OGRE EXCEPTION(5:ItemIdentityException): OverlayElement with name Core/AverageFps not found. in OverlayManager::getOverlayElementImpl at /home/hominlinx/code/cpp/ogre/ogre_src_v1-8-1/OgreMain/src/OgreOverlayManager.cpp (line 612)
23:03:18: OGRE EXCEPTION(5:ItemIdentityException): OverlayElement with name Core/AverageFps not found. in OverlayManager::getOverlayElementImpl at /home/hominlinx/code/cpp/ogre/ogre_src_v1-8-1/OgreMain/src/OgreOverlayManager.cpp (line 612)
23:03:18: OGRE EXCEPTION(5:ItemIdentityException): OverlayElement with name Core/AverageFps not found. in OverlayManager::getOverlayElementImpl at /home/hominlinx/code/cpp/ogre/ogre_src_v1-8-1/OgreMain/src/OgreOverlayManager.cpp (line 612)
23:03:18: OGRE EXCEPTION(5:ItemIdentityException): OverlayElement with name Core/AverageFps not found. in OverlayManager::getOverlayElementImpl at /home/hominlinx/code/cpp/ogre/ogre_src_v1-8-1/OgreMain/src/OgreOverlayManager.cpp (line 612)
23:03:18: OGRE EXCEPTION(5:ItemIdentityException): OverlayElement with name Core/AverageFps not found. in OverlayManager::getOverlayElementImpl at /home/hominlinx/code/cpp/ogre/ogre_src_v1-8-1/OgreMain/src/OgreOverlayManager.cpp (line 612)
23:03:18: OGRE EXCEPTION(5:ItemIdentityException): OverlayElement with name Core/AverageFps not found. in OverlayManager::getOverlayElementImpl at /home/hominlinx/code/cpp/ogre/ogre_src_v1-8-1/OgreMain/src/OgreOverlayManager.cpp (line 612)
23:03:18: OGRE EXCEPTION(5:ItemIdentityException): OverlayElement with name Core/AverageFps not found. in OverlayManager::getOverlayElementImpl at /home/hominlinx/code/cpp/ogre/ogre_src_v1-8-1/OgreMain/src/OgreOverlayManager.cpp (line 612)
23:03:18: OGRE EXCEPTION(5:ItemIdentityException): OverlayElement with name Core/AverageFps not found. in OverlayManager::getOverlayElementImpl at /home/hominlinx/code/cpp/ogre/ogre_src_v1-8-1/OgreMain/src/OgreOverlayManager.cpp (line 612)
23:03:18: OGRE EXCEPTION(5:ItemIdentityException): OverlayElement with name Core/AverageFps not found. in OverlayManager::getOverlayElementImpl at /home/hominlinx/code/cpp/ogre/ogre_src_v1-8-1/OgreMain/src/OgreOverlayManager.cpp (line 612)
23:03:18: OGRE EXCEPTION(5:ItemIdentityException): OverlayElement with name Core/AverageFps not found. in OverlayManager::getOverlayElementImpl at /home/hominlinx/code/cpp/ogre/ogre_src_v1-8-1/OgreMain/src/OgreOverlayManager.cpp (line 612)
23:03:18: OGRE EXCEPTION(5:ItemIdentityException): OverlayElement with name Core/AverageFps not found. in OverlayManager::getOverlayElementImpl at /home/hominlinx/code/cpp/ogre/ogre_src_v1-8-1/OgreMain/src/OgreOverlayManager.cpp (line 612)
23:03:18: OGRE EXCEPTION(5:ItemIdentityException): OverlayElement with name Core/AverageFps not found. in OverlayManager::getOverlayElementImpl at /home/hominlinx/code/cpp/ogre/ogre_src_v1-8-1/OgreMain/src/OgreOverlayManager.cpp (line 612)
23:03:18: OGRE EXCEPTION(5:ItemIdentityException): OverlayElement with name Core/AverageFps not found. in OverlayManager::getOverlayElementImpl at /home/hominlinx/code/cpp/ogre/ogre_src_v1-8-1/OgreMain/src/OgreOverlayManager.cpp (line 612)
23:03:18: OGRE EXCEPTION(5:ItemIdentityException): OverlayElement with name Core/AverageFps not found. in OverlayManager::getOverlayElementImpl at /home/hominlinx/code/cpp/ogre/ogre_src_v1-8-1/OgreMain/src/OgreOverlayManager.cpp (line 612)
23:03:18: OGRE EXCEPTION(5:ItemIdentityException): OverlayElement with name Core/AverageFps not found. in OverlayManager::getOverlayElementImpl at /home/hominlinx/code/cpp/ogre/ogre_src_v1-8-1/OgreMain/src/OgreOverlayManager.cpp (line 612)
23:03:18: OGRE EXCEPTION(5:ItemIdentityException): OverlayElement with name Core/AverageFps not found. in OverlayManager::getOverlayElementImpl at /home/hominlinx/code/cpp/ogre/ogre_src_v1-8-1/OgreMain/src/OgreOverlayManager.cpp (line 612)
23:03:18: OGRE EXCEPTION(5:ItemIdentityException): OverlayElement with name Core/AverageFps not found. in OverlayManager::getOverlayElementImpl at /home/hominlinx/code/cpp/ogre/ogre_src_v1-8-1/OgreMain/src/OgreOverlayManager.cpp (line 612)
23:03:18: OGRE EXCEPTION(5:ItemIdentityException): OverlayElement with name Core/AverageFps not found. in OverlayManager::getOverlayElementImpl at /home/hominlinx/code/cpp/ogre/ogre_src_v1-8-1/OgreMain/src/OgreOverlayManager.cpp (line 612)
23:03:18: OGRE EXCEPTION(5:ItemIdentityException): OverlayElement with name Core/AverageFps not found. in OverlayManager::getOverlayElementImpl at /home/hominlinx/code/cpp/ogre/ogre_src_v1-8-1/OgreMain/src/OgreOverlayManager.cpp (line 612)
23:03:18: OGRE EXCEPTION(5:ItemIdentityException): OverlayElement with name Core/AverageFps not found. in OverlayManager::getOverlayElementImpl at /home/hominlinx/code/cpp/ogre/ogre_src_v1-8-1/OgreMain/src/OgreOverlayManager.cpp (line 612)
23:03:18: OGRE EXCEPTION(5:ItemIdentityException): OverlayElement with name Core/AverageFps not found. in OverlayManager::getOverlayElementImpl at /home/hominlinx/code/cpp/ogre/ogre_src_v1-8-1/OgreMain/src/OgreOverlayManager.cpp (line 612)
23:03:18: OGRE EXCEPTION(5:ItemIdentityException): OverlayElement with name Core/AverageFps not found. in OverlayManager::getOverlayElementImpl at /home/hominlinx/code/cpp/ogre/ogre_src_v1-8-1/OgreMain/src/OgreOverlayManager.cpp (line 612)
23:03:18: OGRE EXCEPTION(5:ItemIdentityException): OverlayElement with name Core/AverageFps not found. in OverlayManager::getOverlayElementImpl at /home/hominlinx/code/cpp/ogre/ogre_src_v1-8-1/OgreMain/src/OgreOverlayManager.cpp (line 612)
23:03:18: OGRE EXCEPTION(5:ItemIdentityException): OverlayElement with name Core/AverageFps not found. in OverlayManager::getOverlayElementImpl at /home/hominlinx/code/cpp/ogre/ogre_src_v1-8-1/OgreMain/src/OgreOverlayManager.cpp (line 612)
23:03:18: OGRE EXCEPTION(5:ItemIdentityException): OverlayElement with name Core/AverageFps not found. in OverlayManager::getOverlayElementImpl at /home/hominlinx/code/cpp/ogre/ogre_src_v1-8-1/OgreMain/src/OgreOverlayManager.cpp (line 612)
23:03:18: OGRE EXCEPTION(5:ItemIdentityException): OverlayElement with name Core/AverageFps not found. in OverlayManager::getOverlayElementImpl at /home/hominlinx/code/cpp/ogre/ogre_src_v1-8-1/OgreMain/src/OgreOverlayManager.cpp (line 612)
23:03:18: OGRE EXCEPTION(5:ItemIdentityException): OverlayElement with name Core/AverageFps not found. in OverlayManager::getOverlayElementImpl at /home/hominlinx/code/cpp/ogre/ogre_src_v1-8-1/OgreMain/src/OgreOverlayManager.cpp (line 612)
23:03:18: OGRE EXCEPTION(5:ItemIdentityException): OverlayElement with name Core/AverageFps not found. in OverlayManager::getOverlayElementImpl at /home/hominlinx/code/cpp/ogre/ogre_src_v1-8-1/OgreMain/src/OgreOverlayManager.cpp (line 612)
23:03:18: OGRE EXCEPTION(5:ItemIdentityException): OverlayElement with name Core/AverageFps not found. in OverlayManager::getOverlayElementImpl at /home/hominlinx/code/cpp/ogre/ogre_src_v1-8-1/OgreMain/src/OgreOverlayManager.cpp (line 612)
23:03:18: OGRE EXCEPTION(5:ItemIdentityException): OverlayElement with name Core/AverageFps not found. in OverlayManager::getOverlayElementImpl at /home/hominlinx/code/cpp/ogre/ogre_src_v1-8-1/OgreMain/src/OgreOverlayManager.cpp (line 612)
23:03:18: OGRE EXCEPTION(5:ItemIdentityException): OverlayElement with name Core/AverageFps not found. in OverlayManager::getOverlayElementImpl at /home/hominlinx/code/cpp/ogre/ogre_src_v1-8-1/OgreMain/src/OgreOverlayManager.cpp (line 612)
23:03:18: OGRE EXCEPTION(5:ItemIdentityException): OverlayElement with name Core/AverageFps not found. in OverlayManager::getOverlayElementImpl at /home/hominlinx/code/cpp/ogre/ogre_src_v1-8-1/OgreMain/src/OgreOverlayManager.cpp (line 612)
23:03:18: OGRE EXCEPTION(5:ItemIdentityException): OverlayElement with name Core/AverageFps not found. in OverlayManager::getOverlayElementImpl at /home/hominlinx/code/cpp/ogre/ogre_src_v1-8-1/OgreMain/src/OgreOverlayManager.cpp (line 612)
23:03:18: OGRE EXCEPTION(5:ItemIdentityException): OverlayElement with name Core/AverageFps not found. in OverlayManager::getOverlayElementImpl at /home/hominlinx/code/cpp/ogre/ogre_src_v1-8-1/OgreMain/src/OgreOverlayManager.cpp (line 612)
23:03:18: OGRE EXCEPTION(5:ItemIdentityException): OverlayElement with name Core/AverageFps not found. in OverlayManager::getOverlayElementImpl at /home/hominlinx/code/cpp/ogre/ogre_src_v1-8-1/OgreMain/src/OgreOverlayManager.cpp (line 612)
23:03:18: OGRE EXCEPTION(5:ItemIdentityException): OverlayElement with name Core/AverageFps not found. in OverlayManager::getOverlayElementImpl at /home/hominlinx/code/cpp/ogre/ogre_src_v1-8-1/OgreMain/src/OgreOverlayManager.cpp (line 612)
23:03:18: OGRE EXCEPTION(5:ItemIdentityException): OverlayElement with name Core/AverageFps not found. in OverlayManager::getOverlayElementImpl at /home/hominlinx/code/cpp/ogre/ogre_src_v1-8-1/OgreMain/src/OgreOverlayManager.cpp (line 612)
23:03:19: OGRE EXCEPTION(5:ItemIdentityException): OverlayElement with name Core/AverageFps not found. in OverlayManager::getOverlayElementImpl at /home/hominlinx/code/cpp/ogre/ogre_src_v1-8-1/OgreMain/src/OgreOverlayManager.cpp (line 612)
23:03:19: OGRE EXCEPTION(5:ItemIdentityException): OverlayElement with name Core/AverageFps not found. in OverlayManager::getOverlayElementImpl at /home/hominlinx/code/cpp/ogre/ogre_src_v1-8-1/OgreMain/src/OgreOverlayManager.cpp (line 612)
23:03:19: OGRE EXCEPTION(5:ItemIdentityException): OverlayElement with name Core/AverageFps not found. in OverlayManager::getOverlayElementImpl at /home/hominlinx/code/cpp/ogre/ogre_src_v1-8-1/OgreMain/src/OgreOverlayManager.cpp (line 612)
23:03:19: OGRE EXCEPTION(5:ItemIdentityException): OverlayElement with name Core/AverageFps not found. in OverlayManager::getOverlayElementImpl at /home/hominlinx/code/cpp/ogre/ogre_src_v1-8-1/OgreMain/src/OgreOverlayManager.cpp (line 612)
23:03:19: OGRE EXCEPTION(5:ItemIdentityException): OverlayElement with name Core/AverageFps not found. in OverlayManager::getOverlayElementImpl at /home/hominlinx/code/cpp/ogre/ogre_src_v1-8-1/OgreMain/src/OgreOverlayManager.cpp (line 612)
23:03:19: OGRE EXCEPTION(5:ItemIdentityException): OverlayElement with name Core/AverageFps not found. in OverlayManager::getOverlayElementImpl at /home/hominlinx/code/cpp/ogre/ogre_src_v1-8-1/OgreMain/src/OgreOverlayManager.cpp (line 612)
23:03:19: OGRE EXCEPTION(5:ItemIdentityException): OverlayElement with name Core/AverageFps not found. in OverlayManager::getOverlayElementImpl at /home/hominlinx/code/cpp/ogre/ogre_src_v1-8-1/OgreMain/src/OgreOverlayManager.cpp (line 612)
23:03:19: OGRE EXCEPTION(5:ItemIdentityException): OverlayElement with name Core/AverageFps not found. in OverlayManager::getOverlayElementImpl at /home/hominlinx/code/cpp/ogre/ogre_src_v1-8-1/OgreMain/src/OgreOverlayManager.cpp (line 612)
23:03:19: OGRE EXCEPTION(5:ItemIdentityException): OverlayElement with name Core/AverageFps not found. in OverlayManager::getOverlayElementImpl at /home/hominlinx/code/cpp/ogre/ogre_src_v1-8-1/OgreMain/src/OgreOverlayManager.cpp (line 612)
23:03:19: OGRE EXCEPTION(5:ItemIdentityException): OverlayElement with name Core/AverageFps not found. in OverlayManager::getOverlayElementImpl at /home/hominlinx/code/cpp/ogre/ogre_src_v1-8-1/OgreMain/src/OgreOverlayManager.cpp (line 612)
23:03:19: OGRE EXCEPTION(5:ItemIdentityException): OverlayElement with name Core/AverageFps not found. in OverlayManager::getOverlayElementImpl at /home/hominlinx/code/cpp/ogre/ogre_src_v1-8-1/OgreMain/src/OgreOverlayManager.cpp (line 612)
23:03:19: OGRE EXCEPTION(5:ItemIdentityException): OverlayElement with name Core/AverageFps not found. in OverlayManager::getOverlayElementImpl at /home/hominlinx/code/cpp/ogre/ogre_src_v1-8-1/OgreMain/src/OgreOverlayManager.cpp (line 612)
23:03:19: OGRE EXCEPTION(5:ItemIdentityException): OverlayElement with name Core/AverageFps not found. in OverlayManager::getOverlayElementImpl at /home/hominlinx/code/cpp/ogre/ogre_src_v1-8-1/OgreMain/src/OgreOverlayManager.cpp (line 612)
23:03:19: OGRE EXCEPTION(5:ItemIdentityException): OverlayElement with name Core/AverageFps not found. in OverlayManager::getOverlayElementImpl at /home/hominlinx/code/cpp/ogre/ogre_src_v1-8-1/OgreMain/src/OgreOverlayManager.cpp (line 612)
23:03:19: OGRE EXCEPTION(5:ItemIdentityException): OverlayElement with name Core/AverageFps not found. in OverlayManager::getOverlayElementImpl at /home/hominlinx/code/cpp/ogre/ogre_src_v1-8-1/OgreMain/src/OgreOverlayManager.cpp (line 612)
23:03:19: OGRE EXCEPTION(5:ItemIdentityException): OverlayElement with name Core/AverageFps not found. in OverlayManager::getOverlayElementImpl at /home/hominlinx/code/cpp/ogre/ogre_src_v1-8-1/OgreMain/src/OgreOverlayManager.cpp (line 612)
23:03:19: OGRE EXCEPTION(5:ItemIdentityException): OverlayElement with name Core/AverageFps not found. in OverlayManager::getOverlayElementImpl at /home/hominlinx/code/cpp/ogre/ogre_src_v1-8-1/OgreMain/src/OgreOverlayManager.cpp (line 612)
23:03:19: OGRE EXCEPTION(5:ItemIdentityException): OverlayElement with name Core/AverageFps not found. in OverlayManager::getOverlayElementImpl at /home/hominlinx/code/cpp/ogre/ogre_src_v1-8-1/OgreMain/src/OgreOverlayManager.cpp (line 612)
23:03:19: OGRE EXCEPTION(5:ItemIdentityException): OverlayElement with name Core/AverageFps not found. in OverlayManager::getOverlayElementImpl at /home/hominlinx/code/cpp/ogre/ogre_src_v1-8-1/OgreMain/src/OgreOverlayManager.cpp (line 612)
23:03:19: OGRE EXCEPTION(5:ItemIdentityException): OverlayElement with name Core/AverageFps not found. in OverlayManager::getOverlayElementImpl at /home/hominlinx/code/cpp/ogre/ogre_src_v1-8-1/OgreMain/src/OgreOverlayManager.cpp (line 612)
23:03:19: OGRE EXCEPTION(5:ItemIdentityException): OverlayElement with name Core/AverageFps not found. in OverlayManager::getOverlayElementImpl at /home/hominlinx/code/cpp/ogre/ogre_src_v1-8-1/OgreMain/src/OgreOverlayManager.cpp (line 612)
23:03:19: OGRE EXCEPTION(5:ItemIdentityException): OverlayElement with name Core/AverageFps not found. in OverlayManager::getOverlayElementImpl at /home/hominlinx/code/cpp/ogre/ogre_src_v1-8-1/OgreMain/src/OgreOverlayManager.cpp (line 612)
23:03:19: OGRE EXCEPTION(5:ItemIdentityException): OverlayElement with name Core/AverageFps not found. in OverlayManager::getOverlayElementImpl at /home/hominlinx/code/cpp/ogre/ogre_src_v1-8-1/OgreMain/src/OgreOverlayManager.cpp (line 612)
23:03:19: OGRE EXCEPTION(5:ItemIdentityException): OverlayElement with name Core/AverageFps not found. in OverlayManager::getOverlayElementImpl at /home/hominlinx/code/cpp/ogre/ogre_src_v1-8-1/OgreMain/src/OgreOverlayManager.cpp (line 612)
23:03:19: OGRE EXCEPTION(5:ItemIdentityException): OverlayElement with name Core/AverageFps not found. in OverlayManager::getOverlayElementImpl at /home/hominlinx/code/cpp/ogre/ogre_src_v1-8-1/OgreMain/src/OgreOverlayManager.cpp (line 612)
23:03:19: OGRE EXCEPTION(5:ItemIdentityException): OverlayElement with name Core/AverageFps not found. in OverlayManager::getOverlayElementImpl at /home/hominlinx/code/cpp/ogre/ogre_src_v1-8-1/OgreMain/src/OgreOverlayManager.cpp (line 612)
23:03:19: OGRE EXCEPTION(5:ItemIdentityException): OverlayElement with name Core/AverageFps not found. in OverlayManager::getOverlayElementImpl at /home/hominlinx/code/cpp/ogre/ogre_src_v1-8-1/OgreMain/src/OgreOverlayManager.cpp (line 612)
23:03:19: OGRE EXCEPTION(5:ItemIdentityException): OverlayElement with name Core/AverageFps not found. in OverlayManager::getOverlayElementImpl at /home/hominlinx/code/cpp/ogre/ogre_src_v1-8-1/OgreMain/src/OgreOverlayManager.cpp (line 612)
23:03:19: OGRE EXCEPTION(5:ItemIdentityException): OverlayElement with name Core/AverageFps not found. in OverlayManager::getOverlayElementImpl at /home/hominlinx/code/cpp/ogre/ogre_src_v1-8-1/OgreMain/src/OgreOverlayManager.cpp (line 612)
23:03:19: OGRE EXCEPTION(5:ItemIdentityException): OverlayElement with name Core/AverageFps not found. in OverlayManager::getOverlayElementImpl at /home/hominlinx/code/cpp/ogre/ogre_src_v1-8-1/OgreMain/src/OgreOverlayManager.cpp (line 612)
23:03:19: OGRE EXCEPTION(5:ItemIdentityException): OverlayElement with name Core/AverageFps not found. in OverlayManager::getOverlayElementImpl at /home/hominlinx/code/cpp/ogre/ogre_src_v1-8-1/OgreMain/src/OgreOverlayManager.cpp (line 612)
23:03:19: OGRE EXCEPTION(5:ItemIdentityException): OverlayElement with name Core/AverageFps not found. in OverlayManager::getOverlayElementImpl at /home/hominlinx/code/cpp/ogre/ogre_src_v1-8-1/OgreMain/src/OgreOverlayManager.cpp (line 612)
23:03:19: OGRE EXCEPTION(5:ItemIdentityException): OverlayElement with name Core/AverageFps not found. in OverlayManager::getOverlayElementImpl at /home/hominlinx/code/cpp/ogre/ogre_src_v1-8-1/OgreMain/src/OgreOverlayManager.cpp (line 612)
23:03:19: OGRE EXCEPTION(5:ItemIdentityException): OverlayElement with name Core/AverageFps not found. in OverlayManager::getOverlayElementImpl at /home/hominlinx/code/cpp/ogre/ogre_src_v1-8-1/OgreMain/src/OgreOverlayManager.cpp (line 612)
23:03:19: OGRE EXCEPTION(5:ItemIdentityException): OverlayElement with name Core/AverageFps not found. in OverlayManager::getOverlayElementImpl at /home/hominlinx/code/cpp/ogre/ogre_src_v1-8-1/OgreMain/src/OgreOverlayManager.cpp (line 612)
23:03:19: OGRE EXCEPTION(5:ItemIdentityException): OverlayElement with name Core/AverageFps not found. in OverlayManager::getOverlayElementImpl at /home/hominlinx/code/cpp/ogre/ogre_src_v1-8-1/OgreMain/src/OgreOverlayManager.cpp (line 612)
23:03:19: OGRE EXCEPTION(5:ItemIdentityException): OverlayElement with name Core/AverageFps not found. in OverlayManager::getOverlayElementImpl at /home/hominlinx/code/cpp/ogre/ogre_src_v1-8-1/OgreMain/src/OgreOverlayManager.cpp (line 612)
23:03:19: OGRE EXCEPTION(5:ItemIdentityException): OverlayElement with name Core/AverageFps not found. in OverlayManager::getOverlayElementImpl at /home/hominlinx/code/cpp/ogre/ogre_src_v1-8-1/OgreMain/src/OgreOverlayManager.cpp (line 612)
23:03:19: OGRE EXCEPTION(5:ItemIdentityException): OverlayElement with name Core/AverageFps not found. in OverlayManager::getOverlayElementImpl at /home/hominlinx/code/cpp/ogre/ogre_src_v1-8-1/OgreMain/src/OgreOverlayManager.cpp (line 612)
23:03:19: OGRE EXCEPTION(5:ItemIdentityException): OverlayElement with name Core/AverageFps not found. in OverlayManager::getOverlayElementImpl at /home/hominlinx/code/cpp/ogre/ogre_src_v1-8-1/OgreMain/src/OgreOverlayManager.cpp (line 612)
23:03:19: OGRE EXCEPTION(5:ItemIdentityException): OverlayElement with name Core/AverageFps not found. in OverlayManager::getOverlayElementImpl at /home/hominlinx/code/cpp/ogre/ogre_src_v1-8-1/OgreMain/src/OgreOverlayManager.cpp (line 612)
23:03:19: OGRE EXCEPTION(5:ItemIdentityException): OverlayElement with name Core/AverageFps not found. in OverlayManager::getOverlayElementImpl at /home/hominlinx/code/cpp/ogre/ogre_src_v1-8-1/OgreMain/src/OgreOverlayManager.cpp (line 612)
23:03:19: OGRE EXCEPTION(5:ItemIdentityException): OverlayElement with name Core/AverageFps not found. in OverlayManager::getOverlayElementImpl at /home/hominlinx/code/cpp/ogre/ogre_src_v1-8-1/OgreMain/src/OgreOverlayManager.cpp (line 612)
23:03:19: OGRE EXCEPTION(5:ItemIdentityException): OverlayElement with name Core/AverageFps not found. in OverlayManager::getOverlayElementImpl at /home/hominlinx/code/cpp/ogre/ogre_src_v1-8-1/OgreMain/src/OgreOverlayManager.cpp (line 612)
23:03:19: OGRE EXCEPTION(5:ItemIdentityException): OverlayElement with name Core/AverageFps not found. in OverlayManager::getOverlayElementImpl at /home/hominlinx/code/cpp/ogre/ogre_src_v1-8-1/OgreMain/src/OgreOverlayManager.cpp (line 612)
23:03:19: OGRE EXCEPTION(5:ItemIdentityException): OverlayElement with name Core/AverageFps not found. in OverlayManager::getOverlayElementImpl at /home/hominlinx/code/cpp/ogre/ogre_src_v1-8-1/OgreMain/src/OgreOverlayManager.cpp (line 612)
23:03:19: OGRE EXCEPTION(5:ItemIdentityException): OverlayElement with name Core/AverageFps not found. in OverlayManager::getOverlayElementImpl at /home/hominlinx/code/cpp/ogre/ogre_src_v1-8-1/OgreMain/src/OgreOverlayManager.cpp (line 612)
23:03:19: OGRE EXCEPTION(5:ItemIdentityException): OverlayElement with name Core/AverageFps not found. in OverlayManager::getOverlayElementImpl at /home/hominlinx/code/cpp/ogre/ogre_src_v1-8-1/OgreMain/src/OgreOverlayManager.cpp (line 612)
23:03:19: OGRE EXCEPTION(5:ItemIdentityException): OverlayElement with name Core/AverageFps not found. in OverlayManager::getOverlayElementImpl at /home/hominlinx/code/cpp/ogre/ogre_src_v1-8-1/OgreMain/src/OgreOverlayManager.cpp (line 612)
23:03:19: OGRE EXCEPTION(5:ItemIdentityException): OverlayElement with name Core/AverageFps not found. in OverlayManager::getOverlayElementImpl at /home/hominlinx/code/cpp/ogre/ogre_src_v1-8-1/OgreMain/src/OgreOverlayManager.cpp (line 612)
23:03:19: OGRE EXCEPTION(5:ItemIdentityException): OverlayElement with name Core/AverageFps not found. in OverlayManager::getOverlayElementImpl at /home/hominlinx/code/cpp/ogre/ogre_src_v1-8-1/OgreMain/src/OgreOverlayManager.cpp (line 612)
23:03:19: OGRE EXCEPTION(5:ItemIdentityException): OverlayElement with name Core/AverageFps not found. in OverlayManager::getOverlayElementImpl at /home/hominlinx/code/cpp/ogre/ogre_src_v1-8-1/OgreMain/src/OgreOverlayManager.cpp (line 612)
23:03:19: OGRE EXCEPTION(5:ItemIdentityException): OverlayElement with name Core/AverageFps not found. in OverlayManager::getOverlayElementImpl at /home/hominlinx/code/cpp/ogre/ogre_src_v1-8-1/OgreMain/src/OgreOverlayManager.cpp (line 612)
23:03:19: DefaultWorkQueue('Root') shutting down on thread 0x2393160.
23:03:19: DefaultWorkQueue('Root')::WorkerFunc - thread 0x23efa60 stopped.
23:03:19: DefaultWorkQueue('Root')::WorkerFunc - thread 0x25fcba0 stopped.
23:03:19: DefaultWorkQueue('Root')::WorkerFunc - thread 0x2620de0 stopped.
23:03:19: DefaultWorkQueue('Root')::WorkerFunc - thread 0x261e010 stopped.
23:03:19: PCZone Factory Type 'ZoneType_Octree' unregistered
23:03:19: Unregistering ResourceManager for type BspLevel
23:03:19: *-*-* OGRE Shutdown
23:03:19: Unregistering ResourceManager for type Compositor
23:03:19: Unregistering ResourceManager for type Font
23:03:19: Unregistering ResourceManager for type Skeleton
23:03:19: Unregistering ResourceManager for type Mesh
23:03:19: Unregistering ResourceManager for type HighLevelGpuProgram
23:03:19: Uninstalling plugin: Octree Scene Manager
23:03:19: Plugin successfully uninstalled
23:03:19: Unloading library /usr/local/lib/OGRE/Plugin_OctreeSceneManager
23:03:19: Uninstalling plugin: Octree Zone Factory
23:03:19: Plugin successfully uninstalled
23:03:19: Unloading library /usr/local/lib/OGRE/Plugin_OctreeZone
23:03:19: Uninstalling plugin: Portal Connected Zone Scene Manager
23:03:19: Plugin successfully uninstalled
23:03:19: Unloading library /usr/local/lib/OGRE/Plugin_PCZSceneManager
23:03:19: Uninstalling plugin: Cg Program Manager
23:03:19: Plugin successfully uninstalled
23:03:19: Unloading library /usr/local/lib/OGRE/Plugin_CgProgramManager
23:03:19: Uninstalling plugin: BSP Scene Manager
23:03:19: Plugin successfully uninstalled
23:03:19: Unloading library /usr/local/lib/OGRE/Plugin_BSPSceneManager
23:03:19: Uninstalling plugin: ParticleFX
23:03:19: Plugin successfully uninstalled
23:03:19: Unloading library /usr/local/lib/OGRE/Plugin_ParticleFX
23:03:19: Uninstalling plugin: GL RenderSystem
23:03:19: Unregistering ResourceManager for type GpuProgram
23:03:19: ******************************
*** Stopping GLX Subsystem ***
******************************
23:03:19: Unregistering ResourceManager for type Texture
23:03:19: Plugin successfully uninstalled
23:03:19: Unloading library /usr/local/lib/OGRE/RenderSystem_GL
23:03:19: Unregistering ResourceManager for type Material
